A51 MACRO ASSEMBLER  XORSWAP                                                              01/22/2024 01:36:39 PAGE     1


MACRO ASSEMBLER A51 V8.2.7.0
OBJECT MODULE PLACED IN .\Objects\XORSWAP.obj
ASSEMBLER INVOKED BY: C:\Keil_v5\C51\BIN\A51.EXE XORSWAP.a51 SET(SMALL) DEBUG PRINT(.\Listings\XORSWAP.lst) OBJECT(.\Obj
                      ects\XORSWAP.obj) EP

LOC  OBJ            LINE     SOURCE

0000                   1     ORG 0H
0000 020100            2     LJMP MAIN
0100                   3     ORG 100H
0100                   4     MAIN:
0100 3130              5     CALL XORSWAP
0102 80FE              6     HERE: SJMP HERE
0130                   7     ORG 130H        
0130                   8     XORSWAP:
0130 E560              9     MOV A,60H
0132 6561             10     XRL A,61H
0134 F560             11     MOV 60H,A
0136 E560             12     MOV A,60H
0138 6561             13     XRL A,61H
013A F561             14     MOV 61H,A
013C 6560             15     XRL A,60H
013E F560             16     MOV 60H,A
0140 22               17     RET
                      18     END
A51 MACRO ASSEMBLER  XORSWAP                                                              01/22/2024 01:36:39 PAGE     2

SYMBOL TABLE LISTING
------ ----- -------


N A M E             T Y P E  V A L U E   ATTRIBUTES

HERE . . . . . . .  C ADDR   0102H   A   
MAIN . . . . . . .  C ADDR   0100H   A   
XORSWAP. . . . . .  C ADDR   0130H   A   


REGISTER BANK(S) USED: 0 


ASSEMBLY COMPLETE.  0 WARNING(S), 0 ERROR(S)
