C51 COMPILER V9.60.7.0   NOTES                                                             02/19/2024 15:13:12 PAGE 1   


C51 COMPILER V9.60.7.0, COMPILATION OF MODULE NOTES
OBJECT MODULE PLACED IN .\Objects\notes.obj
COMPILER INVOKED BY: C:\Keil_v5\C51\BIN\C51.EXE notes.c OPTIMIZE(8,SPEED) BROWSE DEBUG OBJECTEXTEND PRINT(.\Listings\not
                    -es.lst) TABS(2) OBJECT(.\Objects\notes.obj)

line level    source

   1          #include <at89c5131.h>
   2          
   3          sbit music=P0^7;
   4          int freq[8] = {240,270,300,318,356,394,442,470};
   5          int dur[8] = {500,750,1000,500,1000,750,1000,500};
   6          int i,k;
   7          i=1;
   8          k=0;
   9          int count_freq;
  10          int count_dur;
  11          //count = 65536 - (2000000/f)
  12          void note(int freq)
  13          {
  14   1        TH0 = 0x3C;
  15   1        TL0 = 0xB0;
  16   1        
  17   1        count_freq = (int) (65534 - (1000000/(freq-1)));
  18   1        TH1 = count_freq/256;
  19   1        TL1 = count_freq%256;
  20   1        
  21   1        TR0 = 1;
  22   1        TR1= 1;
  23   1      }
  24          void timer0_isr () interrupt 1
  25          {
  26   1        i++;
  27   1        if(i==1+(dur[k])/25)
  28   1        {
  29   2          k++;
  30   2          i=1;
  31   2        }
  32   1        //if(k>=7) k=7;
  33   1        note(freq[k]);
  34   1      }
  35          
  36          void musical_note () interrupt 3
  37          { 
  38   1        music = ~music;
  39   1        TH1 = count_freq/256;
  40   1        TL1 = count_freq%256;
  41   1        TR1 = 1;
  42   1      }
  43          
  44          //Main function
  45          void main(void)
  46          {
  47   1        TMOD = 0x11; //mode 1 timer 0 and timer 1
  48   1        ET0 = 1;
  49   1        ET1 = 1; //activate interrupts for timer 0 and timer 1
  50   1        EA = 1;  //activate global interrupts
  51   1        note(freq[0]);
  52   1        
  53   1        while(1);
  54   1      }
C51 COMPILER V9.60.7.0   NOTES                                                             02/19/2024 15:13:12 PAGE 2   



MODULE INFORMATION:   STATIC OVERLAYABLE
   CODE SIZE        =    284    ----
   CONSTANT SIZE    =   ----    ----
   XDATA SIZE       =   ----    ----
   PDATA SIZE       =   ----    ----
   DATA SIZE        =     40    ----
   IDATA SIZE       =   ----    ----
   BIT SIZE         =   ----    ----
END OF MODULE INFORMATION.


C51 COMPILATION COMPLETE.  0 WARNING(S),  0 ERROR(S)
